Build started 6/6/2014 12:06:58 AM.
     1>Project "C:\Users\cal\Desktop\School\CST 320\CST 320 Lab 2a\CST 320 Lab 1b\CST 320 Lab 1b\CST 320 Lab 1b.vcxproj" on node 2 (Rebuild target(s)).
     1>ClCompile:
         C:\Program Files (x86)\Microsoft Visual Studio 12.0\VC\bin\CL.exe /c /ZI /nologo /W3 /WX- /sdl /Od /Oy- /D _MBCS /D _MBCS /D _CRT_SECURE_NO_WARNINGS /Gm /EHsc /RTC1 /MDd /GS /fp:precise /Zc:wchar_t /Zc:forScope /Fo"Debug\\" /Fd"Debug\vc120.pdb" /Gd /TP /analyze- /errorReport:prompt DFA.cpp DFAWrapper.cpp LexicalCheckNode.cpp LL1Parser.cpp Main.cpp Preprocessor.cpp RecursiveParser.cpp RecursiveParser_old.cpp Symbol.cpp SymbolTable.cpp Token.cpp
         Token.cpp
         SymbolTable.cpp
         Symbol.cpp
         RecursiveParser_old.cpp
         RecursiveParser.cpp
         Preprocessor.cpp
         Main.cpp
         LL1Parser.cpp
         LexicalCheckNode.cpp
         DFAWrapper.cpp
         DFA.cpp
         Generating Code...
     1>c:\users\cal\desktop\school\cst 320\cst 320 lab 2a\cst 320 lab 1b\cst 320 lab 1b\recursiveparser.cpp(139): warning C4715: 'RecursiveParser::Program' : not all control paths return a value
     1>c:\users\cal\desktop\school\cst 320\cst 320 lab 2a\cst 320 lab 1b\cst 320 lab 1b\recursiveparser_old.cpp(1320): warning C4715: 'RecursiveParser_Old::IDX' : not all control paths return a value
       Link:
         C:\Program Files (x86)\Microsoft Visual Studio 12.0\VC\bin\link.exe /ERRORREPORT:PROMPT /OUT:"C:\Users\cal\Desktop\School\CST 320\CST 320 Lab 2a\CST 320 Lab 1b\Debug\CST 320 Lab 1b.exe" /INCREMENTAL /NOLOGO kernel32.lib user32.lib gdi32.lib winspool.lib comdlg32.lib advapi32.lib shell32.lib ole32.lib oleaut32.lib uuid.lib odbc32.lib odbccp32.lib /MANIFEST /MANIFESTUAC:"level='asInvoker' uiAccess='false'" /manifest:embed /DEBUG /PDB:"C:\Users\cal\Desktop\School\CST 320\CST 320 Lab 2a\CST 320 Lab 1b\Debug\CST 320 Lab 1b.pdb" /TLBID:1 /DYNAMICBASE /NXCOMPAT /IMPLIB:"C:\Users\cal\Desktop\School\CST 320\CST 320 Lab 2a\CST 320 Lab 1b\Debug\CST 320 Lab 1b.lib" /MACHINE:X86 Debug\DFA.obj
         Debug\DFAWrapper.obj
         Debug\LexicalCheckNode.obj
         Debug\LL1Parser.obj
         Debug\Main.obj
         Debug\Preprocessor.obj
         Debug\RecursiveParser.obj
         Debug\RecursiveParser_old.obj
         Debug\Symbol.obj
         Debug\SymbolTable.obj
         Debug\Token.obj
         CST 320 Lab 1b.vcxproj -> C:\Users\cal\Desktop\School\CST 320\CST 320 Lab 2a\CST 320 Lab 1b\Debug\CST 320 Lab 1b.exe
     1>Done Building Project "C:\Users\cal\Desktop\School\CST 320\CST 320 Lab 2a\CST 320 Lab 1b\CST 320 Lab 1b\CST 320 Lab 1b.vcxproj" (Rebuild target(s)).

Build succeeded.

Time Elapsed 00:00:05.05
